#! /c/Source/iverilog-install/bin/vvp
:ivl_version "12.0 (devel)" "(s20150603-1539-g2693dd32b)";
:ivl_delay_selection "TYPICAL";
:vpi_time_precision - 12;
:vpi_module "C:\PROGRA~1\iverilog\lib\ivl\system.vpi";
:vpi_module "C:\PROGRA~1\iverilog\lib\ivl\vhdl_sys.vpi";
:vpi_module "C:\PROGRA~1\iverilog\lib\ivl\vhdl_textio.vpi";
:vpi_module "C:\PROGRA~1\iverilog\lib\ivl\v2005_math.vpi";
:vpi_module "C:\PROGRA~1\iverilog\lib\ivl\va_math.vpi";
S_0000018fc70a2e30 .scope module, "reg_file" "reg_file" 2 3;
 .timescale -9 -12;
    .port_info 0 /INPUT 1 "clk";
    .port_info 1 /INPUT 1 "reset";
    .port_info 2 /INPUT 5 "read_reg1";
    .port_info 3 /INPUT 5 "read_reg2";
    .port_info 4 /OUTPUT 64 "read_data1";
    .port_info 5 /OUTPUT 64 "read_data2";
    .port_info 6 /INPUT 5 "write_reg";
    .port_info 7 /INPUT 64 "write_data";
    .port_info 8 /INPUT 1 "reg_write_en";
    .port_info 9 /INPUT 1 "dump_en";
L_0000018fc70c7e30 .functor BUFZ 64, L_0000018fc70d4570, C4<0000000000000000000000000000000000000000000000000000000000000000>, C4<0000000000000000000000000000000000000000000000000000000000000000>, C4<0000000000000000000000000000000000000000000000000000000000000000>;
L_0000018fc70c7ce0 .functor BUFZ 64, L_0000018fc70d42f0, C4<0000000000000000000000000000000000000000000000000000000000000000>, C4<0000000000000000000000000000000000000000000000000000000000000000>, C4<0000000000000000000000000000000000000000000000000000000000000000>;
v0000018fc70a33a0_0 .net *"_ivl_0", 63 0, L_0000018fc70d4570;  1 drivers
v0000018fc70a35c0_0 .net *"_ivl_10", 6 0, L_0000018fc70d3cb0;  1 drivers
L_0000018fc7124fc0 .functor BUFT 1, C4<00>, C4<0>, C4<0>, C4<0>;
v0000018fc70a2fc0_0 .net *"_ivl_13", 1 0, L_0000018fc7124fc0;  1 drivers
v0000018fc70a3060_0 .net *"_ivl_2", 6 0, L_0000018fc70d3c10;  1 drivers
L_0000018fc7124f78 .functor BUFT 1, C4<00>, C4<0>, C4<0>, C4<0>;
v0000018fc70a3100_0 .net *"_ivl_5", 1 0, L_0000018fc7124f78;  1 drivers
v0000018fc7124c50_0 .net *"_ivl_8", 63 0, L_0000018fc70d42f0;  1 drivers
o0000018fc70da0d8 .functor BUFZ 1, C4<z>; HiZ drive
v0000018fc7124cf0_0 .net "clk", 0 0, o0000018fc70da0d8;  0 drivers
v0000018fc7124d90_0 .var/i "cycle_count", 31 0;
o0000018fc70da138 .functor BUFZ 1, C4<z>; HiZ drive
v0000018fc7124e30_0 .net "dump_en", 0 0, o0000018fc70da138;  0 drivers
v0000018fc7124ed0_0 .var/i "file", 31 0;
v0000018fc70d3a30_0 .var/i "i", 31 0;
v0000018fc70d3e90_0 .net "read_data1", 63 0, L_0000018fc70c7e30;  1 drivers
v0000018fc70d4250_0 .net "read_data2", 63 0, L_0000018fc70c7ce0;  1 drivers
o0000018fc70da228 .functor BUFZ 5, C4<zzzzz>; HiZ drive
v0000018fc70d3ad0_0 .net "read_reg1", 4 0, o0000018fc70da228;  0 drivers
o0000018fc70da258 .functor BUFZ 5, C4<zzzzz>; HiZ drive
v0000018fc70d3990_0 .net "read_reg2", 4 0, o0000018fc70da258;  0 drivers
o0000018fc70da288 .functor BUFZ 1, C4<z>; HiZ drive
v0000018fc70d41b0_0 .net "reg_write_en", 0 0, o0000018fc70da288;  0 drivers
v0000018fc70d3b70 .array "registers", 31 0, 63 0;
o0000018fc70da2b8 .functor BUFZ 1, C4<z>; HiZ drive
v0000018fc70d4110_0 .net "reset", 0 0, o0000018fc70da2b8;  0 drivers
o0000018fc70da2e8 .functor BUFZ 64, C4<zzzzzzzzzzzzzzzzzzzzzzzzzzzzzzzzzzzzzzzzzzzzzzzzzzzzzzzzzzzzzzzz>; HiZ drive
v0000018fc70d37b0_0 .net "write_data", 63 0, o0000018fc70da2e8;  0 drivers
o0000018fc70da318 .functor BUFZ 5, C4<zzzzz>; HiZ drive
v0000018fc70d3d50_0 .net "write_reg", 4 0, o0000018fc70da318;  0 drivers
E_0000018fc70c8ac0 .event posedge, v0000018fc7124cf0_0;
E_0000018fc70c8dc0 .event posedge, v0000018fc70d4110_0, v0000018fc7124cf0_0;
L_0000018fc70d4570 .array/port v0000018fc70d3b70, L_0000018fc70d3c10;
L_0000018fc70d3c10 .concat [ 5 2 0 0], o0000018fc70da228, L_0000018fc7124f78;
L_0000018fc70d42f0 .array/port v0000018fc70d3b70, L_0000018fc70d3cb0;
L_0000018fc70d3cb0 .concat [ 5 2 0 0], o0000018fc70da258, L_0000018fc7124fc0;
    .scope S_0000018fc70a2e30;
T_0 ;
    %wait E_0000018fc70c8dc0;
    %load/vec4 v0000018fc70d4110_0;
    %flag_set/vec4 8;
    %jmp/0xz  T_0.0, 8;
    %pushi/vec4 0, 0, 32;
    %assign/vec4 v0000018fc7124d90_0, 0;
    %pushi/vec4 0, 0, 32;
    %store/vec4 v0000018fc70d3a30_0, 0, 32;
T_0.2 ;
    %load/vec4 v0000018fc70d3a30_0;
    %cmpi/s 32, 0, 32;
    %jmp/0xz T_0.3, 5;
    %pushi/vec4 0, 0, 64;
    %ix/getv/s 3, v0000018fc70d3a30_0;
    %ix/load 4, 0, 0; Constant delay
    %assign/vec4/a/d v0000018fc70d3b70, 0, 4;
    %load/vec4 v0000018fc70d3a30_0;
    %addi 1, 0, 32;
    %store/vec4 v0000018fc70d3a30_0, 0, 32;
    %jmp T_0.2;
T_0.3 ;
    %jmp T_0.1;
T_0.0 ;
    %load/vec4 v0000018fc7124d90_0;
    %addi 1, 0, 32;
    %assign/vec4 v0000018fc7124d90_0, 0;
    %load/vec4 v0000018fc70d41b0_0;
    %flag_set/vec4 9;
    %flag_get/vec4 9;
    %jmp/0 T_0.6, 9;
    %load/vec4 v0000018fc70d3d50_0;
    %pushi/vec4 0, 0, 5;
    %cmp/ne;
    %flag_get/vec4 4;
    %and;
T_0.6;
    %flag_set/vec4 8;
    %jmp/0xz  T_0.4, 8;
    %load/vec4 v0000018fc70d37b0_0;
    %load/vec4 v0000018fc70d3d50_0;
    %pad/u 7;
    %ix/vec4 3;
    %ix/load 4, 0, 0; Constant delay
    %assign/vec4/a/d v0000018fc70d3b70, 0, 4;
T_0.4 ;
T_0.1 ;
    %jmp T_0;
    .thread T_0;
    .scope S_0000018fc70a2e30;
T_1 ;
    %wait E_0000018fc70c8ac0;
    %load/vec4 v0000018fc7124e30_0;
    %flag_set/vec4 8;
    %jmp/0xz  T_1.0, 8;
    %vpi_func 2 43 "$fopen" 32, "register_file.txt", "w" {0 0 0};
    %store/vec4 v0000018fc7124ed0_0, 0, 32;
    %pushi/vec4 0, 0, 32;
    %store/vec4 v0000018fc70d3a30_0, 0, 32;
T_1.2 ;
    %load/vec4 v0000018fc70d3a30_0;
    %cmpi/s 32, 0, 32;
    %jmp/0xz T_1.3, 5;
    %vpi_call 2 45 "$fdisplay", v0000018fc7124ed0_0, "%016h", &A<v0000018fc70d3b70, v0000018fc70d3a30_0 > {0 0 0};
    %load/vec4 v0000018fc70d3a30_0;
    %addi 1, 0, 32;
    %store/vec4 v0000018fc70d3a30_0, 0, 32;
    %jmp T_1.2;
T_1.3 ;
    %vpi_call 2 47 "$fdisplay", v0000018fc7124ed0_0, "%0d", v0000018fc7124d90_0 {0 0 0};
    %vpi_call 2 49 "$fclose", v0000018fc7124ed0_0 {0 0 0};
T_1.0 ;
    %jmp T_1;
    .thread T_1;
# The file index is used to find the file name in the following table.
:file_names 3;
    "N/A";
    "<interactive>";
    "reg_file.v";
